TN:
SF:src\App.tsx
FN:7,App
FN:11,(anonymous_3)
FN:14,(anonymous_4)
FN:18,(anonymous_5)
FNF:4
FNH:4
FNDA:2,App
FNDA:2,(anonymous_3)
FNDA:1,(anonymous_4)
FNDA:1,(anonymous_5)
DA:1,1
DA:2,1
DA:3,1
DA:4,1
DA:5,1
DA:8,2
DA:9,2
DA:11,2
DA:12,2
DA:13,2
DA:15,1
DA:16,1
DA:18,1
DA:22,2
DA:26,0
DA:29,2
LF:16
LH:15
BRDA:12,0,0,2
BRDA:22,1,0,2
BRF:2
BRH:2
end_of_record
TN:
SF:src\components\Categories.tsx
FN:8,Categories
FN:26,(anonymous_3)
FN:35,(anonymous_4)
FN:44,(anonymous_5)
FNF:4
FNH:4
FNDA:4,Categories
FNDA:1,(anonymous_3)
FNDA:1,(anonymous_4)
FNDA:1,(anonymous_5)
DA:1,3
DA:2,3
DA:3,3
DA:4,3
DA:5,3
DA:6,3
DA:9,4
DA:27,1
DA:28,1
DA:36,1
DA:37,1
DA:45,1
DA:46,1
DA:57,4
LF:14
LH:14
BRF:0
BRH:0
end_of_record
TN:
SF:src\components\Footer.tsx
FN:13,Footer
FNF:1
FNH:1
FNDA:3,Footer
DA:1,2
DA:2,2
DA:3,2
DA:9,2
DA:11,2
DA:44,3
LF:6
LH:6
BRF:0
BRH:0
end_of_record
TN:
SF:src\components\Navbar.tsx
FN:10,Navbar
FN:11,MenuIcon
FN:15,CartIcon
FN:21,(anonymous_5)
FN:29,LogoIcon
FN:33,(anonymous_7)
FN:45,(anonymous_8)
FN:55,(anonymous_9)
FN:65,(anonymous_10)
FN:75,(anonymous_11)
FNF:10
FNH:10
FNDA:10,Navbar
FNDA:10,MenuIcon
FNDA:10,CartIcon
FNDA:1,(anonymous_5)
FNDA:10,LogoIcon
FNDA:8,(anonymous_7)
FNDA:1,(anonymous_8)
FNDA:1,(anonymous_9)
FNDA:1,(anonymous_10)
FNDA:1,(anonymous_11)
DA:1,4
DA:2,4
DA:3,4
DA:4,4
DA:5,4
DA:6,4
DA:7,4
DA:8,4
DA:10,10
DA:22,1
DA:23,1
DA:33,10
DA:34,10
DA:46,1
DA:47,1
DA:56,1
DA:57,1
DA:66,1
DA:67,1
DA:76,1
DA:77,1
LF:21
LH:21
BRF:0
BRH:0
end_of_record
TN:
SF:src\components\Pagination.tsx
FN:19,Pagination
FN:33,(anonymous_3)
FN:44,(anonymous_4)
FN:52,(anonymous_5)
FNF:4
FNH:4
FNDA:8,Pagination
FNDA:1,(anonymous_3)
FNDA:1,(anonymous_4)
FNDA:1,(anonymous_5)
DA:1,4
DA:2,4
DA:6,4
DA:7,4
DA:33,1
DA:44,1
DA:52,1
DA:63,8
LF:8
LH:8
BRF:0
BRH:0
end_of_record
TN:
SF:src\components\Products.tsx
FN:13,Products
FN:15,(anonymous_3)
FN:22,(anonymous_4)
FN:27,(anonymous_5)
FN:32,(anonymous_6)
FNF:5
FNH:4
FNDA:7,Products
FNDA:7,(anonymous_3)
FNDA:2,(anonymous_4)
FNDA:1,(anonymous_5)
FNDA:0,(anonymous_6)
DA:1,4
DA:2,4
DA:4,4
DA:5,4
DA:14,7
DA:15,7
DA:23,2
DA:27,1
DA:32,0
DA:43,7
LF:10
LH:9
BRDA:19,0,0,7
BRDA:19,0,1,0
BRDA:22,1,0,2
BRDA:22,1,1,5
BRDA:22,2,0,7
BRDA:22,2,1,7
BRF:6
BRH:5
end_of_record
TN:
SF:src\components\Search.tsx
FN:9,Search
FN:10,(anonymous_3)
FN:11,(anonymous_4)
FN:14,(anonymous_5)
FN:34,(anonymous_6)
FNF:5
FNH:3
FNDA:10,Search
FNDA:10,(anonymous_3)
FNDA:10,(anonymous_4)
FNDA:0,(anonymous_5)
FNDA:0,(anonymous_6)
DA:1,4
DA:2,4
DA:3,4
DA:4,4
DA:5,4
DA:6,4
DA:7,4
DA:10,10
DA:11,10
DA:12,10
DA:14,10
DA:15,0
DA:16,0
DA:17,0
DA:18,0
DA:19,0
DA:21,0
DA:22,0
DA:34,0
DA:40,10
LF:20
LH:12
BRDA:17,0,0,0
BRDA:17,0,1,0
BRF:2
BRH:0
end_of_record
TN:
SF:src\components\EmptyCart\EmptyCart.tsx
FN:6,EmptyCart
FN:13,(anonymous_3)
FNF:2
FNH:2
FNDA:2,EmptyCart
FNDA:1,(anonymous_3)
DA:1,2
DA:2,2
DA:3,2
DA:4,2
DA:6,2
DA:7,2
DA:13,1
LF:7
LH:7
BRF:0
BRH:0
end_of_record
TN:
SF:src\components\Modal\Modal.tsx
FN:12,(anonymous_4)
FN:19,(anonymous_5)
FN:35,(anonymous_6)
FN:40,(anonymous_7)
FNF:4
FNH:4
FNDA:4,(anonymous_4)
FNDA:4,(anonymous_5)
FNDA:1,(anonymous_6)
FNDA:1,(anonymous_7)
DA:1,2
DA:2,2
DA:12,2
DA:19,4
DA:20,4
DA:21,3
DA:23,1
DA:35,1
DA:41,1
DA:42,1
DA:54,4
LF:11
LH:11
BRDA:20,0,0,3
BRDA:20,0,1,1
BRDA:29,1,0,4
BRF:3
BRH:3
end_of_record
TN:
SF:src\components\ShippingForm\ShippingForm.tsx
FN:21,ShippingForm
FN:31,(anonymous_7)
FN:33,(anonymous_8)
FN:43,(anonymous_9)
FN:50,(anonymous_10)
FN:64,(anonymous_11)
FN:65,(anonymous_12)
FN:155,(anonymous_13)
FN:157,(anonymous_14)
FNF:9
FNH:0
FNDA:0,ShippingForm
FNDA:0,(anonymous_7)
FNDA:0,(anonymous_8)
FNDA:0,(anonymous_9)
FNDA:0,(anonymous_10)
FNDA:0,(anonymous_11)
FNDA:0,(anonymous_12)
FNDA:0,(anonymous_13)
FNDA:0,(anonymous_14)
DA:1,1
DA:2,1
DA:3,1
DA:4,1
DA:5,1
DA:6,1
DA:7,1
DA:8,1
DA:9,1
DA:21,0
DA:28,0
DA:29,0
DA:30,0
DA:31,0
DA:32,0
DA:33,0
DA:34,0
DA:35,0
DA:36,0
DA:37,0
DA:39,0
DA:43,0
DA:44,0
DA:45,0
DA:46,0
DA:47,0
DA:48,0
DA:50,0
DA:51,0
DA:54,0
DA:55,0
DA:61,0
DA:62,0
DA:64,0
DA:65,0
DA:155,0
DA:157,0
LF:37
LH:9
BRDA:35,0,0,0
BRDA:35,0,1,0
BRDA:35,1,0,0
BRDA:35,1,1,0
BRF:4
BRH:0
end_of_record
TN:
SF:src\hooks\useToken.tsx
FN:3,(anonymous_1)
FN:8,(anonymous_2)
FN:14,(anonymous_3)
FN:23,(anonymous_4)
FNF:4
FNH:2
FNDA:19,(anonymous_1)
FNDA:0,(anonymous_2)
FNDA:5,(anonymous_3)
FNDA:0,(anonymous_4)
DA:1,4
DA:3,4
DA:5,19
DA:8,19
DA:9,0
DA:10,0
DA:14,19
DA:15,5
DA:16,5
DA:17,0
DA:19,5
DA:23,19
DA:24,0
DA:25,0
DA:29,19
DA:32,19
LF:16
LH:11
BRDA:16,0,0,0
BRF:1
BRH:0
end_of_record
TN:
SF:src\page\Categories\Categorie.tsx
FN:16,Categorie
FN:18,(anonymous_3)
FN:19,(anonymous_4)
FN:20,(anonymous_5)
FN:21,(anonymous_6)
FN:28,(anonymous_7)
FN:37,(anonymous_8)
FN:38,(anonymous_9)
FN:42,(anonymous_10)
FN:59,(anonymous_11)
FN:63,(anonymous_12)
FN:64,(anonymous_13)
FNF:12
FNH:7
FNDA:2,Categorie
FNDA:2,(anonymous_3)
FNDA:2,(anonymous_4)
FNDA:2,(anonymous_5)
FNDA:2,(anonymous_6)
FNDA:2,(anonymous_7)
FNDA:0,(anonymous_8)
FNDA:0,(anonymous_9)
FNDA:2,(anonymous_10)
FNDA:0,(anonymous_11)
FNDA:0,(anonymous_12)
FNDA:0,(anonymous_13)
DA:1,2
DA:2,2
DA:3,2
DA:4,2
DA:5,2
DA:6,2
DA:7,2
DA:8,2
DA:9,2
DA:10,2
DA:11,2
DA:13,2
DA:14,2
DA:16,3
DA:17,2
DA:18,2
DA:19,2
DA:20,2
DA:21,2
DA:22,2
DA:24,2
DA:26,2
DA:28,2
DA:29,2
DA:31,0
DA:37,0
DA:38,0
DA:42,2
DA:43,2
DA:45,2
DA:60,0
DA:61,0
DA:63,0
DA:64,0
LF:34
LH:27
BRDA:29,0,0,0
BRDA:37,1,0,0
BRDA:37,1,1,0
BRDA:37,2,0,0
BRDA:37,2,1,0
BRDA:43,3,0,0
BRDA:43,3,1,2
BRDA:43,4,0,0
BRDA:43,4,1,2
BRF:9
BRH:2
end_of_record
TN:
SF:src\page\Categories\index.tsx
FN:1,(anonymous_3)
FN:17,(anonymous_4)
FNF:2
FNH:2
FNDA:2,(anonymous_3)
FNDA:2,(anonymous_4)
DA:1,2
DA:2,2
DA:4,0
DA:7,0
DA:10,0
DA:13,2
DA:17,2
DA:20,2
LF:8
LH:5
BRDA:2,0,0,0
BRDA:2,0,1,0
BRDA:2,0,2,0
BRDA:2,0,3,2
BRF:4
BRH:1
end_of_record
TN:
SF:src\page\Home\Home.tsx
FN:13,Home
FN:14,(anonymous_3)
FN:15,(anonymous_4)
FN:16,(anonymous_5)
FN:17,(anonymous_6)
FN:21,(anonymous_7)
FN:23,(anonymous_8)
FN:25,(anonymous_9)
FN:26,(anonymous_10)
FN:29,(anonymous_11)
FN:49,(anonymous_12)
FN:50,(anonymous_13)
FN:51,(anonymous_14)
FNF:13
FNH:9
FNDA:3,Home
FNDA:6,(anonymous_3)
FNDA:6,(anonymous_4)
FNDA:6,(anonymous_5)
FNDA:6,(anonymous_6)
FNDA:6,(anonymous_7)
FNDA:3,(anonymous_8)
FNDA:3,(anonymous_9)
FNDA:0,(anonymous_10)
FNDA:3,(anonymous_11)
FNDA:0,(anonymous_12)
FNDA:0,(anonymous_13)
FNDA:0,(anonymous_14)
DA:1,2
DA:2,2
DA:3,2
DA:4,2
DA:6,2
DA:7,2
DA:8,2
DA:9,2
DA:10,2
DA:11,2
DA:14,6
DA:15,6
DA:16,6
DA:17,6
DA:18,3
DA:19,3
DA:20,3
DA:21,6
DA:23,3
DA:24,3
DA:25,3
DA:26,0
DA:29,3
DA:30,3
DA:31,0
DA:32,3
DA:33,0
DA:35,3
DA:49,0
DA:50,0
DA:51,0
DA:62,4
LF:32
LH:26
BRDA:25,0,0,0
BRDA:25,0,1,3
BRDA:25,1,0,3
BRDA:25,1,1,3
BRDA:30,2,0,0
BRDA:30,2,1,3
BRDA:30,3,0,3
BRDA:30,3,1,0
BRDA:30,4,0,3
BRDA:30,4,1,3
BRDA:32,5,0,0
BRDA:32,5,1,3
BRDA:45,6,0,3
BRDA:45,6,1,3
BRF:14
BRH:10
end_of_record
TN:
SF:src\page\ProductView\ProductView.tsx
FN:23,ProductView
FN:42,(anonymous_3)
FN:45,(anonymous_4)
FN:47,(anonymous_5)
FN:50,(anonymous_6)
FN:58,(anonymous_7)
FN:70,(anonymous_8)
FN:75,(anonymous_9)
FN:77,(anonymous_10)
FNF:9
FNH:5
FNDA:4,ProductView
FNDA:5,(anonymous_3)
FNDA:2,(anonymous_4)
FNDA:2,(anonymous_5)
FNDA:0,(anonymous_6)
FNDA:0,(anonymous_7)
FNDA:0,(anonymous_8)
FNDA:0,(anonymous_9)
FNDA:1,(anonymous_10)
DA:1,2
DA:2,2
DA:3,2
DA:4,2
DA:5,2
DA:10,2
DA:11,2
DA:12,2
DA:13,2
DA:14,2
DA:15,2
DA:16,2
DA:17,2
DA:18,2
DA:20,2
DA:21,2
DA:24,4
DA:25,4
DA:26,4
DA:41,4
DA:42,5
DA:43,4
DA:45,4
DA:46,2
DA:48,2
DA:50,0
DA:58,0
DA:70,0
DA:75,0
DA:77,1
DA:121,3
LF:31
LH:27
BRDA:61,0,0,0
BRDA:61,0,1,4
BRDA:61,1,0,4
BRDA:61,1,1,4
BRDA:64,2,0,0
BRDA:64,2,1,4
BRDA:64,3,0,4
BRDA:64,3,1,4
BRDA:65,4,0,0
BRDA:65,4,1,4
BRDA:65,5,0,4
BRDA:65,5,1,4
BRDA:66,6,0,0
BRDA:66,6,1,4
BRDA:66,7,0,4
BRDA:66,7,1,4
BRDA:70,8,0,0
BRDA:70,8,1,0
BRDA:87,9,0,0
BRDA:87,9,1,4
BRDA:87,10,0,4
BRDA:87,10,1,4
BRDA:91,11,0,0
BRDA:91,11,1,4
BRDA:91,12,0,4
BRDA:91,12,1,4
BRDA:95,13,0,0
BRDA:95,13,1,4
BRDA:95,14,0,4
BRDA:95,14,1,4
BRDA:99,15,0,0
BRDA:99,15,1,4
BRDA:99,16,0,4
BRDA:99,16,1,4
BRDA:103,17,0,0
BRDA:103,17,1,4
BRDA:103,18,0,4
BRDA:103,18,1,4
BRDA:111,19,0,0
BRDA:111,19,1,4
BRDA:111,20,0,4
BRDA:111,20,1,4
BRDA:114,21,0,0
BRDA:114,21,1,4
BRDA:114,22,0,4
BRDA:114,22,1,4
BRF:46
BRH:33
end_of_record
TN:
SF:src\page\ShopCart\ShortCart.tsx
FN:10,ShortCart
FN:11,(anonymous_3)
FN:12,(anonymous_4)
FN:13,(anonymous_5)
FN:14,(anonymous_6)
FN:16,(anonymous_7)
FN:49,(anonymous_8)
FN:64,(anonymous_9)
FN:71,(anonymous_10)
FN:78,(anonymous_11)
FNF:10
FNH:0
FNDA:0,ShortCart
FNDA:0,(anonymous_3)
FNDA:0,(anonymous_4)
FNDA:0,(anonymous_5)
FNDA:0,(anonymous_6)
FNDA:0,(anonymous_7)
FNDA:0,(anonymous_8)
FNDA:0,(anonymous_9)
FNDA:0,(anonymous_10)
FNDA:0,(anonymous_11)
DA:1,1
DA:2,1
DA:3,1
DA:4,1
DA:5,1
DA:6,1
DA:7,1
DA:8,1
DA:11,0
DA:12,0
DA:13,0
DA:14,0
DA:15,0
DA:16,0
DA:19,0
DA:50,0
DA:64,0
DA:72,0
DA:78,0
DA:96,1
LF:20
LH:9
BRDA:19,0,0,0
BRDA:49,1,0,0
BRDA:49,1,1,0
BRDA:49,2,0,0
BRDA:49,2,1,0
BRF:5
BRH:0
end_of_record
TN:
SF:src\routes\routes.tsx
FN:33,(anonymous_2)
FNF:1
FNH:0
FNDA:0,(anonymous_2)
DA:1,1
DA:2,1
DA:3,1
DA:4,1
DA:5,1
DA:6,1
DA:7,1
DA:9,1
DA:33,1
DA:37,1
LF:10
LH:10
BRF:0
BRH:0
end_of_record
TN:
SF:src\services\auth.service.ts
FN:3,(anonymous_1)
FN:19,(anonymous_2)
FN:20,(anonymous_3)
FN:23,(anonymous_4)
FNF:4
FNH:4
FNDA:4,(anonymous_1)
FNDA:2,(anonymous_2)
FNDA:2,(anonymous_3)
FNDA:2,(anonymous_4)
DA:3,4
DA:7,4
DA:15,4
DA:19,2
DA:21,2
DA:24,2
LF:6
LH:6
BRF:0
BRH:0
end_of_record
TN:
SF:src\services\orders.service.ts
FN:3,(anonymous_1)
FN:20,(anonymous_2)
FN:21,(anonymous_3)
FN:24,(anonymous_4)
FNF:4
FNH:4
FNDA:2,(anonymous_1)
FNDA:1,(anonymous_2)
FNDA:1,(anonymous_3)
FNDA:1,(anonymous_4)
DA:3,2
DA:7,2
DA:16,2
DA:20,1
DA:22,1
DA:25,1
LF:6
LH:6
BRF:0
BRH:0
end_of_record
TN:
SF:src\services\wines.service.ts
FN:3,(anonymous_5)
FN:20,(anonymous_6)
FN:21,(anonymous_7)
FN:24,(anonymous_8)
FN:29,(anonymous_9)
FN:47,(anonymous_10)
FN:48,(anonymous_11)
FN:51,(anonymous_12)
FN:56,(anonymous_13)
FN:72,(anonymous_14)
FN:73,(anonymous_15)
FN:76,(anonymous_16)
FN:81,(anonymous_17)
FN:99,(anonymous_18)
FN:100,(anonymous_19)
FN:103,(anonymous_20)
FNF:16
FNH:16
FNDA:2,(anonymous_5)
FNDA:1,(anonymous_6)
FNDA:1,(anonymous_7)
FNDA:1,(anonymous_8)
FNDA:2,(anonymous_9)
FNDA:1,(anonymous_10)
FNDA:1,(anonymous_11)
FNDA:1,(anonymous_12)
FNDA:2,(anonymous_13)
FNDA:1,(anonymous_14)
FNDA:1,(anonymous_15)
FNDA:1,(anonymous_16)
FNDA:2,(anonymous_17)
FNDA:1,(anonymous_18)
FNDA:1,(anonymous_19)
FNDA:1,(anonymous_20)
DA:3,3
DA:8,2
DA:16,2
DA:20,1
DA:22,1
DA:25,1
DA:29,3
DA:35,2
DA:43,2
DA:47,1
DA:49,1
DA:52,1
DA:56,3
DA:60,2
DA:68,2
DA:72,1
DA:74,1
DA:77,1
DA:81,3
DA:87,2
DA:95,2
DA:99,1
DA:101,1
DA:104,1
LF:24
LH:24
BRF:0
BRH:0
end_of_record
TN:
SF:src\state\devTools.js
FN:6,(anonymous_1)
FN:7,(anonymous_2)
FNF:2
FNH:2
FNDA:9,(anonymous_1)
FNDA:9,(anonymous_2)
DA:1,6
DA:3,6
DA:6,6
DA:7,9
DA:8,9
DA:9,9
DA:11,0
DA:14,9
LF:8
LH:7
BRDA:6,0,0,0
BRDA:8,1,0,9
BRF:2
BRH:1
end_of_record
TN:
SF:src\state\shopCartStore.ts
FN:23,(anonymous_1)
FN:27,(anonymous_2)
FN:28,(anonymous_3)
FN:31,(anonymous_4)
FN:44,(anonymous_5)
FN:50,(anonymous_6)
FN:55,(anonymous_7)
FN:56,(anonymous_8)
FN:58,(anonymous_9)
FN:62,(anonymous_10)
FN:67,(anonymous_11)
FN:72,(anonymous_12)
FN:73,(anonymous_13)
FN:75,(anonymous_14)
FN:85,(anonymous_15)
FN:90,(anonymous_16)
FN:96,(anonymous_17)
FN:97,(anonymous_18)
FNF:18
FNH:5
FNDA:5,(anonymous_1)
FNDA:1,(anonymous_2)
FNDA:1,(anonymous_3)
FNDA:0,(anonymous_4)
FNDA:1,(anonymous_5)
FNDA:1,(anonymous_6)
FNDA:0,(anonymous_7)
FNDA:0,(anonymous_8)
FNDA:0,(anonymous_9)
FNDA:0,(anonymous_10)
FNDA:0,(anonymous_11)
FNDA:0,(anonymous_12)
FNDA:0,(anonymous_13)
FNDA:0,(anonymous_14)
FNDA:0,(anonymous_15)
FNDA:0,(anonymous_16)
FNDA:0,(anonymous_17)
FNDA:0,(anonymous_18)
DA:1,5
DA:2,5
DA:3,5
DA:21,18
DA:23,5
DA:28,1
DA:30,1
DA:31,0
DA:35,1
DA:36,0
DA:39,1
DA:43,1
DA:44,1
DA:49,1
DA:50,1
DA:56,0
DA:57,0
DA:58,0
DA:61,0
DA:62,0
DA:66,0
DA:67,0
DA:73,0
DA:74,0
DA:75,0
DA:77,0
DA:78,0
DA:79,0
DA:81,0
DA:84,0
DA:85,0
DA:89,0
DA:90,0
DA:97,0
DA:98,0
DA:99,0
DA:100,0
LF:37
LH:13
BRDA:35,0,0,0
BRDA:35,0,1,1
BRDA:77,1,0,0
BRDA:79,2,0,0
BRF:4
BRH:1
end_of_record
TN:
SF:src\state\wineStore.ts
FN:17,(anonymous_1)
FN:20,(anonymous_2)
FN:24,(anonymous_3)
FNF:3
FNH:2
FNDA:4,(anonymous_1)
FNDA:0,(anonymous_2)
FNDA:3,(anonymous_3)
DA:1,4
DA:2,4
DA:3,4
DA:15,43
DA:17,4
DA:21,0
DA:25,3
LF:7
LH:6
BRF:0
BRH:0
end_of_record
